


ARM Macro Assembler    Page 1 


    1 00000000                 AREA             reset,DATA,READONLY
    2 00000000                 EXPORT           __Vectors
    3 00000000         __Vectors
    4 00000000 10001000        DCD              0x10001000
    5 00000004 00000000        DCD              Reset_Handler
    6 00000008                 ALIGN
    7 00000008                 AREA             mycode,CODE,READONLY
    8 00000000                 EXPORT           Reset_Handler
    9 00000000                 ENTRY
   10 00000000         Reset_Handler
   11 00000000 4908            LDR              R1,=DST
   12 00000002 F04F 0400       MOV              R4,#0
   13 00000006 F04F 0201       MOV              R2,#1
   14 0000000A F04F 0301       MOV              R3,#1
   15 0000000E F04F 0A09       MOV              R10,#9
   16 00000012         LOOP
   17 00000012 FB03 4402       MLA              R4,R3,R2,R4
   18 00000016 F103 0301       ADD              R3,#1
   19 0000001A F1BA 0A01       SUBS             R10,#1
   20 0000001E D1F8            BNE              LOOP
   21 00000020         
   22 00000020 600C            STR              R4,[R1]
   23 00000022         STOP
   24 00000022 E7FE            B                STOP
   25 00000024 00000000        AREA             result,DATA,READWRITE
   26 00000000 00000000 
                       DST     DCD              0x0
   27 00000004                 END
Command Line: --debug --xref --cpu=Cortex-M3 --apcs=interwork --depend=q1.d -oq
1.o -IC:\Keil\ARM\RV31\INC -IC:\Keil\ARM\CMSIS\Include -IC:\Keil\ARM\Inc\NXP\LP
C17xx --predefine="__EVAL SETA 1" --list=q1.lst q1.s



ARM Macro Assembler    Page 1 Alphabetic symbol ordering
Relocatable symbols

__Vectors 00000000

Symbol: __Vectors
   Definitions
      At line 3 in file q1.s
   Uses
      At line 2 in file q1.s
Comment: __Vectors used once
reset 00000000

Symbol: reset
   Definitions
      At line 1 in file q1.s
   Uses
      None
Comment: reset unused
2 symbols



ARM Macro Assembler    Page 1 Alphabetic symbol ordering
Relocatable symbols

LOOP 00000012

Symbol: LOOP
   Definitions
      At line 16 in file q1.s
   Uses
      At line 20 in file q1.s
Comment: LOOP used once
Reset_Handler 00000000

Symbol: Reset_Handler
   Definitions
      At line 10 in file q1.s
   Uses
      At line 5 in file q1.s
      At line 8 in file q1.s

STOP 00000022

Symbol: STOP
   Definitions
      At line 23 in file q1.s
   Uses
      At line 24 in file q1.s
Comment: STOP used once
mycode 00000000

Symbol: mycode
   Definitions
      At line 7 in file q1.s
   Uses
      None
Comment: mycode unused
4 symbols



ARM Macro Assembler    Page 1 Alphabetic symbol ordering
Relocatable symbols

DST 00000000

Symbol: DST
   Definitions
      At line 26 in file q1.s
   Uses
      At line 11 in file q1.s
Comment: DST used once
result 00000000

Symbol: result
   Definitions
      At line 25 in file q1.s
   Uses
      None
Comment: result unused
2 symbols
341 symbols in table
