


ARM Macro Assembler    Page 1 


    1 00000000                 AREA             reset,DATA,READONLY
    2 00000000                 EXPORT           __Vectors
    3 00000000         __Vectors
    4 00000000 10001000        DCD              0x10001000
    5 00000004 00000000        DCD              Reset_Handler
    6 00000008                 ALIGN
    7 00000008                 AREA             mycode,CODE,READONLY
    8 00000000                 EXPORT           Reset_Handler
    9 00000000                 ENTRY
   10 00000000         Reset_Handler
   11 00000000 F04F 0102       LDR              R1,=2
   12 00000004 F04F 0203       LDR              R2,=3
   13 00000008 460C            MOV              R4, R1
   14 0000000A 4617            MOV              R7, R2
   15 0000000C F04F 0600       MOV              R6,#0
   16 00000010         
   17 00000010 4291    UP      CMP              R1,R2
   18 00000012 D00B            BEQ              GCD
   19 00000014 D203            BCS              DIV
   20 00000016 460D            MOV              R5,R1
   21 00000018 4611            MOV              R1,R2
   22 0000001A 462A            MOV              R2,R5
   23 0000001C E7FF            B                DIV
   24 0000001E         
   25 0000001E EBA1 0102 
                       DIV     SUB              R1,R2
   26 00000022 4291            CMP              R1,R2
   27 00000024 D2FB            BCS              DIV
   28 00000026 2900            CMP              R1,#0
   29 00000028 D000            BEQ              GCD
   30 0000002A E7F1            B                UP
   31 0000002C         
   32 0000002C         
   33 0000002C 4692    GCD     MOV              R10, R2
   34 0000002E         
   35 0000002E FB04 F807       MUL              R8,R4,R7
   36 00000032         
   37 00000032 EBA8 0802 
                       DIV1    SUB              R8,R2
   38 00000036 F106 0601       ADD              R6,#1
   39 0000003A 4590            CMP              R8,R2
   40 0000003C D2F9            BCS              DIV1
   41 0000003E         
   42 0000003E 46B3    ANS     MOV              R11,R6
   43 00000040         
   44 00000040         STOP
   45 00000040 E7FE            B                STOP
   46 00000042                 END
Command Line: --debug --xref --cpu=Cortex-M3 --apcs=interwork --depend=q3.d -oq
3.o -IC:\Keil\ARM\RV31\INC -IC:\Keil\ARM\CMSIS\Include -IC:\Keil\ARM\Inc\NXP\LP
C17xx --predefine="__EVAL SETA 1" --list=q3.lst q3.s



ARM Macro Assembler    Page 1 Alphabetic symbol ordering
Relocatable symbols

__Vectors 00000000

Symbol: __Vectors
   Definitions
      At line 3 in file q3.s
   Uses
      At line 2 in file q3.s
Comment: __Vectors used once
reset 00000000

Symbol: reset
   Definitions
      At line 1 in file q3.s
   Uses
      None
Comment: reset unused
2 symbols



ARM Macro Assembler    Page 1 Alphabetic symbol ordering
Relocatable symbols

ANS 0000003E

Symbol: ANS
   Definitions
      At line 42 in file q3.s
   Uses
      None
Comment: ANS unused
DIV 0000001E

Symbol: DIV
   Definitions
      At line 25 in file q3.s
   Uses
      At line 19 in file q3.s
      At line 23 in file q3.s
      At line 27 in file q3.s

DIV1 00000032

Symbol: DIV1
   Definitions
      At line 37 in file q3.s
   Uses
      At line 40 in file q3.s
Comment: DIV1 used once
GCD 0000002C

Symbol: GCD
   Definitions
      At line 33 in file q3.s
   Uses
      At line 18 in file q3.s
      At line 29 in file q3.s

Reset_Handler 00000000

Symbol: Reset_Handler
   Definitions
      At line 10 in file q3.s
   Uses
      At line 5 in file q3.s
      At line 8 in file q3.s

STOP 00000040

Symbol: STOP
   Definitions
      At line 44 in file q3.s
   Uses
      At line 45 in file q3.s
Comment: STOP used once
UP 00000010

Symbol: UP
   Definitions
      At line 17 in file q3.s
   Uses
      At line 30 in file q3.s



ARM Macro Assembler    Page 2 Alphabetic symbol ordering
Relocatable symbols

Comment: UP used once
mycode 00000000

Symbol: mycode
   Definitions
      At line 7 in file q3.s
   Uses
      None
Comment: mycode unused
8 symbols
341 symbols in table
