


ARM Macro Assembler    Page 1 


    1 00000000         ;Write an ARM assembly language program to covert 2-digi
                       t hexadecimal number in ASCII
    2 00000000         ;Date:03-02-24
    3 00000000         
    4 00000000         
    5 00000000                 AREA             RESET,DATA, READONLY
    6 00000000                 EXPORT           __Vectors
    7 00000000         
    8 00000000         __Vectors
    9 00000000 10001000        DCD              0x10001000  ;
   10 00000004 00000000        DCD              Reset_Handler ;
   11 00000008                 ALIGN
   12 00000008                 AREA             mycode, CODE, READONLY
   13 00000000                 ENTRY
   14 00000000                 EXPORT           Reset_Handler
   15 00000000         Reset_Handler
   16 00000000 480A            LDR              R0, =SRC
   17 00000002 4A0B            LDR              R2, =DST
   18 00000004 F04F 0308       MOV              R3, #08
   19 00000008 F000 010F 
                       UP      AND              R1, R0, #0x0F
   20 0000000C 290A            CMP              R1, #0x0A
   21 0000000E D301            BCC              down
   22 00000010 F101 0107       ADD              R1, #07
   23 00000014 F101 011E 
                       down    ADD              R1, #30
   24 00000018 F802 1B01       STRB             R1, [R2], #1
   25 0000001C EA4F 1030       ROR              R0, #4
   26 00000020 3B01            SUBS             R3, #1
   27 00000022 D1F1            BNE              UP
   28 00000024         
   29 00000024         STOP
   30 00000024 E7FE            B                STOP
   31 00000026 00 00 12345678 
                       SRC     DCD              0x12345678
   32 0000002C 00000000 
              00000000         AREA             mydata, DATA, READWRITE
   33 00000000 00000000 
                       DST     DCD              0
   34 00000004                 END
Command Line: --debug --xref --cpu=Cortex-M3 --apcs=interwork --depend=.\l3q1.d
 -o.\l3q1.o -IC:\Keil\ARM\RV31\INC -IC:\Keil\ARM\CMSIS\Include -IC:\Keil\ARM\In
c\NXP\LPC17xx --predefine="__EVAL SETA 1" --list=.\l3q1.lst E:\temp388\Lab3\l3q
1.s



ARM Macro Assembler    Page 1 Alphabetic symbol ordering
Relocatable symbols

RESET 00000000

Symbol: RESET
   Definitions
      At line 5 in file E:\temp388\Lab3\l3q1.s
   Uses
      None
Comment: RESET unused
__Vectors 00000000

Symbol: __Vectors
   Definitions
      At line 8 in file E:\temp388\Lab3\l3q1.s
   Uses
      At line 6 in file E:\temp388\Lab3\l3q1.s
Comment: __Vectors used once
2 symbols



ARM Macro Assembler    Page 1 Alphabetic symbol ordering
Relocatable symbols

Reset_Handler 00000000

Symbol: Reset_Handler
   Definitions
      At line 15 in file E:\temp388\Lab3\l3q1.s
   Uses
      At line 10 in file E:\temp388\Lab3\l3q1.s
      At line 14 in file E:\temp388\Lab3\l3q1.s

SRC 00000028

Symbol: SRC
   Definitions
      At line 31 in file E:\temp388\Lab3\l3q1.s
   Uses
      At line 16 in file E:\temp388\Lab3\l3q1.s
Comment: SRC used once
STOP 00000024

Symbol: STOP
   Definitions
      At line 29 in file E:\temp388\Lab3\l3q1.s
   Uses
      At line 30 in file E:\temp388\Lab3\l3q1.s
Comment: STOP used once
UP 00000008

Symbol: UP
   Definitions
      At line 19 in file E:\temp388\Lab3\l3q1.s
   Uses
      At line 27 in file E:\temp388\Lab3\l3q1.s
Comment: UP used once
down 00000014

Symbol: down
   Definitions
      At line 23 in file E:\temp388\Lab3\l3q1.s
   Uses
      At line 21 in file E:\temp388\Lab3\l3q1.s
Comment: down used once
mycode 00000000

Symbol: mycode
   Definitions
      At line 12 in file E:\temp388\Lab3\l3q1.s
   Uses
      None
Comment: mycode unused
6 symbols



ARM Macro Assembler    Page 1 Alphabetic symbol ordering
Relocatable symbols

DST 00000000

Symbol: DST
   Definitions
      At line 33 in file E:\temp388\Lab3\l3q1.s
   Uses
      At line 17 in file E:\temp388\Lab3\l3q1.s
Comment: DST used once
mydata 00000000

Symbol: mydata
   Definitions
      At line 32 in file E:\temp388\Lab3\l3q1.s
   Uses
      None
Comment: mydata unused
2 symbols
343 symbols in table
