


ARM Macro Assembler    Page 1 


    1 00000000                 AREA             reset,DATA,READONLY
    2 00000000                 EXPORT           __Vectors
    3 00000000         __Vectors
    4 00000000 10001000        DCD              0x10001000
    5 00000004 00000000        DCD              Reset_Handler
    6 00000008                 ALIGN
    7 00000008                 AREA             mycode,CODE,READONLY
    8 00000000                 EXPORT           Reset_Handler
    9 00000000                 ENTRY
   10 00000000         Reset_Handler
   11 00000000 4810            LDR              R0,=SRC
   12 00000002 4911            LDR              R1,=SRC1
   13 00000004 F8DF A044       LDR              R10,=DST
   14 00000008 E890 003C       LDMIA            R0,{R2-R5}
   15 0000000C E891 03C0       LDMIA            R1,{R6-R9}
   16 00000010 EB15 0509       ADDS             R5,R5,R9
   17 00000014 EB54 0408       ADCS             R4,R4,R8
   18 00000018 417B            ADCS             R3,R3,R7
   19 0000001A 4172            ADCS             R2,R2,R6
   20 0000001C E88A 003C       STMIA            R10,{R2-R5}
   21 00000020         STOP
   22 00000020 E7FE            B                STOP
   23 00000022 00 00 00000001 
              00000002 
              00000003 
              00000004 SRC     DCD              0x00000001,0x00000002,0x0000000
3,0x00000004
   24 00000034 00000001 
              00000002 
              00000003 
              00000004 SRC1    DCD              0x00000001,0x00000002,0x0000000
3,0x00000004
   25 00000044 00000000 
              00000000 
              00000000         AREA             result,DATA,READWRITE
   26 00000000 00000000 
                       DST     DCD              0x0
   27 00000004         
   28 00000004                 END
Command Line: --debug --xref --cpu=Cortex-M3 --apcs=interwork --depend=q2.d -oq
2.o -IC:\Keil\ARM\RV31\INC -IC:\Keil\ARM\CMSIS\Include -IC:\Keil\ARM\Inc\NXP\LP
C17xx --predefine="__EVAL SETA 1" --list=q2.lst q2.s



ARM Macro Assembler    Page 1 Alphabetic symbol ordering
Relocatable symbols

__Vectors 00000000

Symbol: __Vectors
   Definitions
      At line 3 in file q2.s
   Uses
      At line 2 in file q2.s
Comment: __Vectors used once
reset 00000000

Symbol: reset
   Definitions
      At line 1 in file q2.s
   Uses
      None
Comment: reset unused
2 symbols



ARM Macro Assembler    Page 1 Alphabetic symbol ordering
Relocatable symbols

Reset_Handler 00000000

Symbol: Reset_Handler
   Definitions
      At line 10 in file q2.s
   Uses
      At line 5 in file q2.s
      At line 8 in file q2.s

SRC 00000024

Symbol: SRC
   Definitions
      At line 23 in file q2.s
   Uses
      At line 11 in file q2.s
Comment: SRC used once
SRC1 00000034

Symbol: SRC1
   Definitions
      At line 24 in file q2.s
   Uses
      At line 12 in file q2.s
Comment: SRC1 used once
STOP 00000020

Symbol: STOP
   Definitions
      At line 21 in file q2.s
   Uses
      At line 22 in file q2.s
Comment: STOP used once
mycode 00000000

Symbol: mycode
   Definitions
      At line 7 in file q2.s
   Uses
      None
Comment: mycode unused
5 symbols



ARM Macro Assembler    Page 1 Alphabetic symbol ordering
Relocatable symbols

DST 00000000

Symbol: DST
   Definitions
      At line 26 in file q2.s
   Uses
      At line 13 in file q2.s
Comment: DST used once
result 00000000

Symbol: result
   Definitions
      At line 25 in file q2.s
   Uses
      None
Comment: result unused
2 symbols
342 symbols in table
