


ARM Macro Assembler    Page 1 


    1 00000000                 AREA             reset, DATA, READONLY
    2 00000000                 EXPORT           __Vectors
    3 00000000         __Vectors
    4 00000000 10001000        DCD              0X10001000
    5 00000004 00000000        DCD              Reset_Handler
    6 00000008                 ALIGN
    7 00000008                 AREA             mycode, CODE, READONLY
    8 00000000                 EXPORT           Reset_Handler
    9 00000000                 ENTRY
   10 00000000         Reset_Handler
   11 00000000 F04F 007B       LDR              R0,=0x7B
   12 00000004 4911            LDR              R1,=DST
   13 00000006 F04F 0200       MOV              R2,#0
   14 0000000A F04F 090F       LDR              R9,=0x0F
   15 0000000E 4605            MOV              R5,R0
   16 00000010 F04F 0700       MOV              R7,#0
   17 00000014         
   18 00000014         UP
   19 00000014 2D00            CMP              R5,#0
   20 00000016 D017            BEQ              EXIT
   21 00000018         
   22 00000018 EA05 0309       AND              R3,R5,R9
   23 0000001C 2B09            CMP              R3,#0x09
   24 0000001E D209            BCS              GREATER
   25 00000020         
   26 00000020 F103 0330       ADD              R3,R3,#0x30
   27 00000024 EA4F 1515       LSR              R5,#4
   28 00000028         
   29 00000028 FA03 F307       LSL              R3,R3,R7
   30 0000002C 441A            ADD              R2,R2,R3
   31 0000002E F107 0708       ADD              R7,#8
   32 00000032 E7EF            B                UP
   33 00000034         
   34 00000034         GREATER
   35 00000034 F103 0337       ADD              R3,R3,#0x37
   36 00000038 EA4F 1515       LSR              R5,#4
   37 0000003C FA03 F307       LSL              R3,R3,R7
   38 00000040 441A            ADD              R2,R2,R3
   39 00000042 F107 0708       ADD              R7,#8
   40 00000046 E7E5            B                UP
   41 00000048         
   42 00000048         EXIT
   43 00000048 600A            STR              R2,[R1]
   44 0000004A         
   45 0000004A         STOP
   46 0000004A E7FE            B                STOP
   47 0000004C 00000000        AREA             result,DATA,READWRITE
   48 00000000 00000000 
                       DST     DCD              0x0
   49 00000004                 END
Command Line: --debug --xref --cpu=Cortex-M3 --apcs=interwork --depend=q1.d -oq
1.o -IC:\Keil\ARM\RV31\INC -IC:\Keil\ARM\CMSIS\Include -IC:\Keil\ARM\Inc\NXP\LP
C17xx --predefine="__EVAL SETA 1" --list=q1.lst q1.s



ARM Macro Assembler    Page 1 Alphabetic symbol ordering
Relocatable symbols

__Vectors 00000000

Symbol: __Vectors
   Definitions
      At line 3 in file q1.s
   Uses
      At line 2 in file q1.s
Comment: __Vectors used once
reset 00000000

Symbol: reset
   Definitions
      At line 1 in file q1.s
   Uses
      None
Comment: reset unused
2 symbols



ARM Macro Assembler    Page 1 Alphabetic symbol ordering
Relocatable symbols

EXIT 00000048

Symbol: EXIT
   Definitions
      At line 42 in file q1.s
   Uses
      At line 20 in file q1.s
Comment: EXIT used once
GREATER 00000034

Symbol: GREATER
   Definitions
      At line 34 in file q1.s
   Uses
      At line 24 in file q1.s
Comment: GREATER used once
Reset_Handler 00000000

Symbol: Reset_Handler
   Definitions
      At line 10 in file q1.s
   Uses
      At line 5 in file q1.s
      At line 8 in file q1.s

STOP 0000004A

Symbol: STOP
   Definitions
      At line 45 in file q1.s
   Uses
      At line 46 in file q1.s
Comment: STOP used once
UP 00000014

Symbol: UP
   Definitions
      At line 18 in file q1.s
   Uses
      At line 32 in file q1.s
      At line 40 in file q1.s

mycode 00000000

Symbol: mycode
   Definitions
      At line 7 in file q1.s
   Uses
      None
Comment: mycode unused
6 symbols



ARM Macro Assembler    Page 1 Alphabetic symbol ordering
Relocatable symbols

DST 00000000

Symbol: DST
   Definitions
      At line 48 in file q1.s
   Uses
      At line 12 in file q1.s
Comment: DST used once
result 00000000

Symbol: result
   Definitions
      At line 47 in file q1.s
   Uses
      None
Comment: result unused
2 symbols
343 symbols in table
