


ARM Macro Assembler    Page 1 


    1 00000000                 AREA             reset, DATA, READONLY
    2 00000000                 EXPORT           __Vectors
    3 00000000         __Vectors
    4 00000000 10001000        DCD              0X10001000
    5 00000004 00000000        DCD              Reset_Handler
    6 00000008                 ALIGN
    7 00000008                 AREA             mycode, CODE, READONLY
    8 00000000                 EXPORT           Reset_Handler
    9 00000000                 ENTRY
   10 00000000         Reset_Handler
   11 00000000 481B            LDR              R0,=N1
   12 00000002 F850 1B04       LDR              R1,[R0],#04
   13 00000006 4E1B            LDR              R6,=N2
   14 00000008 F856 2B04       LDR              R2,[R6],#04
   15 0000000C 4D1A            LDR              R5,=RES
   16 0000000E 1A8C            SUBS             R4,R1,R2
   17 00000010 F850 1B04       LDR              R1,[R0],#04
   18 00000014 F856 2B04       LDR              R2,[R6],#04
   19 00000018 F845 4B04       STR              R4,[R5],#04
   20 0000001C EB71 0402       SBCS             R4,R1,R2
   21 00000020 F850 1B04       LDR              R1,[R0],#04
   22 00000024 F856 2B04       LDR              R2,[R6],#04
   23 00000028 F845 4B04       STR              R4,[R5],#04
   24 0000002C EB71 0402       SBCS             R4,R1,R2
   25 00000030 F850 1B04       LDR              R1,[R0],#04
   26 00000034 F856 2B04       LDR              R2,[R6],#04
   27 00000038 F845 4B04       STR              R4,[R5],#04
   28 0000003C EB71 0402       SBCS             R4,R1,R2
   29 00000040 F850 1B04       LDR              R1,[R0],#04
   30 00000044 F856 2B04       LDR              R2,[R6],#04
   31 00000048 F845 4B04       STR              R4,[R5],#04
   32 0000004C         STOP
   33 0000004C E7FE            B                STOP
   34 0000004E 00 00 187FC5A7 
              8D33CD38 
              9FAB89A2 
              A257C902 N1      DCD              0x187FC5A7,0x8D33CD38,0x9FAB89A
2,0xA257C902
   35 00000060 AFCB6BFD 
              3992F81C 
              C9E69770 
              66ECCC79 N2      DCD              0xAFCB6BFD,0x3992F81C,0xC9E6977
0,0x66ECCC79
   36 00000070 00000000 
              00000000 
              00000000         AREA             mydata, DATA, READWRITE
   37 00000000 00000000 
                       RES     DCD              0
   38 00000004                 END
Command Line: --debug --xref --cpu=Cortex-M3 --apcs=interwork --depend=q4.d -oq
4.o -IC:\Keil\ARM\RV31\INC -IC:\Keil\ARM\CMSIS\Include -IC:\Keil\ARM\Inc\NXP\LP
C17xx --predefine="__EVAL SETA 1" --list=q4.lst q4.s



ARM Macro Assembler    Page 1 Alphabetic symbol ordering
Relocatable symbols

__Vectors 00000000

Symbol: __Vectors
   Definitions
      At line 3 in file q4.s
   Uses
      At line 2 in file q4.s
Comment: __Vectors used once
reset 00000000

Symbol: reset
   Definitions
      At line 1 in file q4.s
   Uses
      None
Comment: reset unused
2 symbols



ARM Macro Assembler    Page 1 Alphabetic symbol ordering
Relocatable symbols

N1 00000050

Symbol: N1
   Definitions
      At line 34 in file q4.s
   Uses
      At line 11 in file q4.s
Comment: N1 used once
N2 00000060

Symbol: N2
   Definitions
      At line 35 in file q4.s
   Uses
      At line 13 in file q4.s
Comment: N2 used once
Reset_Handler 00000000

Symbol: Reset_Handler
   Definitions
      At line 10 in file q4.s
   Uses
      At line 5 in file q4.s
      At line 8 in file q4.s

STOP 0000004C

Symbol: STOP
   Definitions
      At line 32 in file q4.s
   Uses
      At line 33 in file q4.s
Comment: STOP used once
mycode 00000000

Symbol: mycode
   Definitions
      At line 7 in file q4.s
   Uses
      None
Comment: mycode unused
5 symbols



ARM Macro Assembler    Page 1 Alphabetic symbol ordering
Relocatable symbols

RES 00000000

Symbol: RES
   Definitions
      At line 37 in file q4.s
   Uses
      At line 15 in file q4.s
Comment: RES used once
mydata 00000000

Symbol: mydata
   Definitions
      At line 36 in file q4.s
   Uses
      None
Comment: mydata unused
2 symbols
342 symbols in table
