


ARM Macro Assembler    Page 1 


    1 00000000                 AREA             reset,DATA,READONLY
    2 00000000                 EXPORT           __Vectors
    3 00000000         __Vectors
    4 00000000 10001000        DCD              0x10001000
    5 00000004 00000000        DCD              Reset_Handler
    6 00000008                 ALIGN
    7 00000008                 AREA             mycode, CODE, READONLY
    8 00000000                 EXPORT           Reset_Handler
    9 00000000                 ENTRY
   10 00000000         Reset_Handler
   11 00000000 480F            LDR              R0,=SRC+(N-1)*4
   12 00000002 4910            LDR              R1,=SRC+(N-1)*4+SH*4
   13 00000004 F04F 020A       MOV              R2,#10
   14 00000008         
   15 00000008         LOOP
   16 00000008 F850 3904       LDR              R3,[R0],#-4
   17 0000000C F841 3904       STR              R3,[R1],#-4
   18 00000010 3A01            SUBS             R2,#1
   19 00000012 D1F9            BNE              LOOP
   20 00000014         STOP
   21 00000014 E7FE            B                STOP
   22 00000016 0000000A 
                       N       EQU              10
   23 00000016 00000004 
                       SH      EQU              4
   24 00000016 00 00 00000011 
              00000012 
              00000013 
              00000014 
              00000015 
              00000016 
              00000017 
              00000018 
              00000019 
              0000001A SRC     DCD              0x00000011,0x00000012,0x0000001
3,0x00000014,0x00000015,0x00000016,0x00000017,0x00000018,0x00000019,0x0000001A
   25 00000040                 END
              00000024 
              00000034 
Command Line: --debug --xref --cpu=Cortex-M3 --apcs=interwork --depend=q2.d -oq
2.o -IC:\Keil\ARM\RV31\INC -IC:\Keil\ARM\CMSIS\Include -IC:\Keil\ARM\Inc\NXP\LP
C17xx --predefine="__EVAL SETA 1" --list=q2.lst q2.s



ARM Macro Assembler    Page 1 Alphabetic symbol ordering
Relocatable symbols

__Vectors 00000000

Symbol: __Vectors
   Definitions
      At line 3 in file q2.s
   Uses
      At line 2 in file q2.s
Comment: __Vectors used once
reset 00000000

Symbol: reset
   Definitions
      At line 1 in file q2.s
   Uses
      None
Comment: reset unused
2 symbols



ARM Macro Assembler    Page 1 Alphabetic symbol ordering
Relocatable symbols

LOOP 00000008

Symbol: LOOP
   Definitions
      At line 15 in file q2.s
   Uses
      At line 19 in file q2.s
Comment: LOOP used once
Reset_Handler 00000000

Symbol: Reset_Handler
   Definitions
      At line 10 in file q2.s
   Uses
      At line 5 in file q2.s
      At line 8 in file q2.s

SRC 00000018

Symbol: SRC
   Definitions
      At line 24 in file q2.s
   Uses
      At line 11 in file q2.s
      At line 12 in file q2.s

STOP 00000014

Symbol: STOP
   Definitions
      At line 20 in file q2.s
   Uses
      At line 21 in file q2.s
Comment: STOP used once
mycode 00000000

Symbol: mycode
   Definitions
      At line 7 in file q2.s
   Uses
      None
Comment: mycode unused
5 symbols



ARM Macro Assembler    Page 1 Alphabetic symbol ordering
Absolute symbols

N 0000000A

Symbol: N
   Definitions
      At line 22 in file q2.s
   Uses
      At line 11 in file q2.s
      At line 12 in file q2.s

SH 00000004

Symbol: SH
   Definitions
      At line 23 in file q2.s
   Uses
      At line 12 in file q2.s
Comment: SH used once
2 symbols
342 symbols in table
