


ARM Macro Assembler    Page 1 


    1 00000000                 AREA             reset,DATA,READONLY
    2 00000000                 EXPORT           __Vectors
    3 00000000         __Vectors
    4 00000000 10001000        DCD              0x10001000
    5 00000004 00000000        DCD              Reset_Handler
    6 00000008                 ALIGN
    7 00000008                 AREA             mycode,CODE,READONLY
    8 00000000                 EXPORT           Reset_Handler
    9 00000000                 ENTRY
   10 00000000         Reset_Handler
   11 00000000 480E            LDR              R0,=SRC
   12 00000002 490F            LDR              R1,=SRC+(N)*4
   13 00000004 F04F 0305       MOV              R3,#5
   14 00000008         LOOP
   15 00000008 F851 4B04       LDR              R4,[R1],#4
   16 0000000C F850 5B04       LDR              R5,[R0],#4
   17 00000010         
   18 00000010         
   19 00000010         
   20 00000010         
   21 00000010         STOP
   22 00000010 E7FE            B                STOP
   23 00000012 00000005 
                       N       EQU              5
   24 00000012 00 00 00000011 
              00000012 
              00000013 
              00000014 
              00000015 
              00000016 
              00000017 
              00000018 
              00000019 
              0000001A SRC     DCD              0x00000011,0x00000012,0x0000001
3,0x00000014,0x00000015,0x00000016,0x00000017,0x00000018,0x00000019,0x0000001A
   25 0000003C 00000000 
              00000014         AREA             result,DATA,READWRITE
   26 00000000 00000000 
                       DST     DCD              0x0
   27 00000004                 END
Command Line: --debug --xref --cpu=Cortex-M3 --apcs=interwork --depend=l2_2.d -
ol2_2.o -IC:\Keil\ARM\RV31\INC -IC:\Keil\ARM\CMSIS\Include -IC:\Keil\ARM\Inc\NX
P\LPC17xx --predefine="__EVAL SETA 1" --list=l2_2.lst l2_2.s



ARM Macro Assembler    Page 1 Alphabetic symbol ordering
Relocatable symbols

__Vectors 00000000

Symbol: __Vectors
   Definitions
      At line 3 in file l2_2.s
   Uses
      At line 2 in file l2_2.s
Comment: __Vectors used once
reset 00000000

Symbol: reset
   Definitions
      At line 1 in file l2_2.s
   Uses
      None
Comment: reset unused
2 symbols



ARM Macro Assembler    Page 1 Alphabetic symbol ordering
Relocatable symbols

LOOP 00000008

Symbol: LOOP
   Definitions
      At line 14 in file l2_2.s
   Uses
      None
Comment: LOOP unused
Reset_Handler 00000000

Symbol: Reset_Handler
   Definitions
      At line 10 in file l2_2.s
   Uses
      At line 5 in file l2_2.s
      At line 8 in file l2_2.s

SRC 00000014

Symbol: SRC
   Definitions
      At line 24 in file l2_2.s
   Uses
      At line 11 in file l2_2.s
      At line 12 in file l2_2.s

STOP 00000010

Symbol: STOP
   Definitions
      At line 21 in file l2_2.s
   Uses
      At line 22 in file l2_2.s
Comment: STOP used once
mycode 00000000

Symbol: mycode
   Definitions
      At line 7 in file l2_2.s
   Uses
      None
Comment: mycode unused
5 symbols



ARM Macro Assembler    Page 1 Alphabetic symbol ordering
Relocatable symbols

DST 00000000

Symbol: DST
   Definitions
      At line 26 in file l2_2.s
   Uses
      None
Comment: DST unused
result 00000000

Symbol: result
   Definitions
      At line 25 in file l2_2.s
   Uses
      None
Comment: result unused
2 symbols



ARM Macro Assembler    Page 1 Alphabetic symbol ordering
Absolute symbols

N 00000005

Symbol: N
   Definitions
      At line 23 in file l2_2.s
   Uses
      At line 12 in file l2_2.s
Comment: N used once
1 symbol
343 symbols in table
