


ARM Macro Assembler    Page 1 


    1 00000000                 AREA             RESET, DATA, READONLY
    2 00000000                 EXPORT           __Vectors
    3 00000000         __Vectors
    4 00000000 10001000        DCD              0x10001000
    5 00000004 00000000        DCD              Reset_Handler
    6 00000008                 ALIGN
    7 00000008                 AREA             mycode, CODE, READONLY
    8 00000000                 ENTRY
    9 00000000                 EXPORT           Reset_Handler
   10 00000000         Reset_Handler
   11 00000000 4909            LDR              R1,=NUM
   12 00000002 4A0A            LDR              R2,=RESULT
   13 00000004 F04F 060A       MOV              R6,#0x0A
   14 00000008 780B            LDRB             R3,[R1]
   15 0000000A F04F 0400       MOV              R4,#0
   16 0000000E         LOOP
   17 0000000E EBA3 0306       SUB              R3,R6
   18 00000012 F104 0401       ADD              R4,#1
   19 00000016 42B3            CMP              R3,R6
   20 00000018 D2F9            BCS              LOOP
   21 0000001A EA4F 1504       LSL              R5,R4,#4
   22 0000001E 441D            ADD              R5,R3
   23 00000020 7015            STRB             R5,[R2]
   24 00000022 00 00 00000060 
                       NUM     DCD              0x0000060
   25 00000028 00000000 
              00000000         AREA             data, DATA, READWRITE
   26 00000000 00000000 
                       RESULT  DCD              0
   27 00000004                 END
Command Line: --debug --xref --cpu=Cortex-M3 --apcs=interwork --depend=hex_bcd.
d -ohex_bcd.o -IC:\Keil\ARM\RV31\INC -IC:\Keil\ARM\CMSIS\Include -IC:\Keil\ARM\
Inc\NXP\LPC17xx --predefine="__EVAL SETA 1" --list=hex_bcd.lst hex_bcd.s



ARM Macro Assembler    Page 1 Alphabetic symbol ordering
Relocatable symbols

RESET 00000000

Symbol: RESET
   Definitions
      At line 1 in file hex_bcd.s
   Uses
      None
Comment: RESET unused
__Vectors 00000000

Symbol: __Vectors
   Definitions
      At line 3 in file hex_bcd.s
   Uses
      At line 2 in file hex_bcd.s
Comment: __Vectors used once
2 symbols



ARM Macro Assembler    Page 1 Alphabetic symbol ordering
Relocatable symbols

LOOP 0000000E

Symbol: LOOP
   Definitions
      At line 16 in file hex_bcd.s
   Uses
      At line 20 in file hex_bcd.s
Comment: LOOP used once
NUM 00000024

Symbol: NUM
   Definitions
      At line 24 in file hex_bcd.s
   Uses
      At line 11 in file hex_bcd.s
Comment: NUM used once
Reset_Handler 00000000

Symbol: Reset_Handler
   Definitions
      At line 10 in file hex_bcd.s
   Uses
      At line 5 in file hex_bcd.s
      At line 9 in file hex_bcd.s

mycode 00000000

Symbol: mycode
   Definitions
      At line 7 in file hex_bcd.s
   Uses
      None
Comment: mycode unused
4 symbols



ARM Macro Assembler    Page 1 Alphabetic symbol ordering
Relocatable symbols

RESULT 00000000

Symbol: RESULT
   Definitions
      At line 26 in file hex_bcd.s
   Uses
      At line 12 in file hex_bcd.s
Comment: RESULT used once
data 00000000

Symbol: data
   Definitions
      At line 25 in file hex_bcd.s
   Uses
      None
Comment: data unused
2 symbols
341 symbols in table
